<?xml version="1.0" encoding="UTF-8"?>
<testsuite name="DojoTest" tests="2" skipped="0" failures="0" errors="0" timestamp="2018-04-06T19:10:56" hostname="ARAR000130" time="0.646">
  <properties/>
  <testcase name="test_congrats_order_paid_off_for_ios_8_10_0" classname="DojoTest" time="0.549"/>
  <testcase name="test_congrats_order_paid_off_for_android_7_12_0" classname="DojoTest" time="0.03"/>
  <system-out><![CDATA[]]></system-out>
  <system-err><![CDATA[]]></system-err>
</testsuite>
